<?xml version="1.0" encoding="UTF-8"?>
<!-- Generated by org.testng.reporters.JUnitReportReporter -->
<testsuite hostname="DESKTOP-146H9DT" failures="0" tests="2" name="testSctrips.RegisterTest" time="219.439" errors="0" timestamp="2024-04-30T16:01:13 IST" skipped="0">
  <testcase classname="testSctrips.RegisterTest" name="registerTest_001" time="79.678"/>
  <testcase classname="testSctrips.RegisterTest" name="regiaterTest_002" time="139.761"/>
</testsuite> <!-- testSctrips.RegisterTest -->
