<?xml version="1.0" encoding="UTF-8"?>
<!-- Generated by org.testng.reporters.JUnitReportReporter -->
<testsuite hostname="DESKTOP-146H9DT" failures="0" tests="6" name="testSctrips.EnableTest" time="75.782" errors="0" timestamp="2024-04-30T16:01:13 IST" skipped="1">
  <testcase classname="testSctrips.EnableTest" name="register" time="19.611"/>
  <testcase classname="testSctrips.EnableTest" name="register" time="18.085"/>
  <testcase classname="testSctrips.EnableTest" name="register" time="11.222"/>
  <testcase classname="testSctrips.EnableTest" name="register" time="13.446"/>
  <testcase classname="testSctrips.EnableTest" name="register" time="13.418"/>
  <testcase classname="testSctrips.EnableTest" name="login">
    <skipped/>
  </testcase> <!-- login -->
</testsuite> <!-- testSctrips.EnableTest -->
