<?xml version="1.0" encoding="UTF-8"?>
<!-- Generated by org.testng.reporters.JUnitReportReporter -->
<testsuite hostname="DESKTOP-146H9DT" failures="0" tests="5" name="testSctrips.PriorityTest" time="68.844" errors="0" timestamp="2024-04-30T16:01:13 IST" skipped="0">
  <testcase classname="testSctrips.PriorityTest" name="register" time="21.000"/>
  <testcase classname="testSctrips.PriorityTest" name="login" time="20.181"/>
  <testcase classname="testSctrips.PriorityTest" name="addToCart" time="10.000"/>
  <testcase classname="testSctrips.PriorityTest" name="payment" time="9.226"/>
  <testcase classname="testSctrips.PriorityTest" name="confirmOrder" time="8.437"/>
</testsuite> <!-- testSctrips.PriorityTest -->
