<?xml version="1.0" encoding="UTF-8"?>
<!-- Generated by org.testng.reporters.JUnitReportReporter -->
<testsuite hostname="DESKTOP-146H9DT" failures="0" tests="1" name="testSctrips.BooksTest" time="119.975" errors="0" timestamp="2024-04-30T16:01:13 IST" skipped="0">
  <testcase classname="testSctrips.BooksTest" name="books_001" time="119.975"/>
</testsuite> <!-- testSctrips.BooksTest -->
