<?xml version="1.0" encoding="UTF-8"?>
<!-- Generated by org.testng.reporters.JUnitReportReporter -->
<testsuite hostname="DESKTOP-146H9DT" failures="0" tests="16" name="testSctrips.InvocationCountAndThreadPoolSize" time="505.962" errors="0" timestamp="2024-04-30T16:01:13 IST" skipped="0">
  <testcase classname="testSctrips.InvocationCountAndThreadPoolSize" name="confirmOrder" time="9.071"/>
  <testcase classname="testSctrips.InvocationCountAndThreadPoolSize" name="register" time="12.190"/>
  <testcase classname="testSctrips.InvocationCountAndThreadPoolSize" name="confirmOrder" time="22.695"/>
  <testcase classname="testSctrips.InvocationCountAndThreadPoolSize" name="register" time="12.907"/>
  <testcase classname="testSctrips.InvocationCountAndThreadPoolSize" name="login" time="50.498"/>
  <testcase classname="testSctrips.InvocationCountAndThreadPoolSize" name="register" time="12.889"/>
  <testcase classname="testSctrips.InvocationCountAndThreadPoolSize" name="confirmOrder" time="50.616"/>
  <testcase classname="testSctrips.InvocationCountAndThreadPoolSize" name="login" time="57.506"/>
  <testcase classname="testSctrips.InvocationCountAndThreadPoolSize" name="payment" time="57.195"/>
  <testcase classname="testSctrips.InvocationCountAndThreadPoolSize" name="confirmOrder" time="17.054"/>
  <testcase classname="testSctrips.InvocationCountAndThreadPoolSize" name="login" time="56.823"/>
  <testcase classname="testSctrips.InvocationCountAndThreadPoolSize" name="register" time="12.189"/>
  <testcase classname="testSctrips.InvocationCountAndThreadPoolSize" name="confirmOrder" time="9.755"/>
  <testcase classname="testSctrips.InvocationCountAndThreadPoolSize" name="login" time="57.500"/>
  <testcase classname="testSctrips.InvocationCountAndThreadPoolSize" name="register" time="9.817"/>
  <testcase classname="testSctrips.InvocationCountAndThreadPoolSize" name="login" time="57.257"/>
</testsuite> <!-- testSctrips.InvocationCountAndThreadPoolSize -->
